allocated 301
allocated 302
allocated 303
allocated 304
allocated 305
allocated 306
allocated 307
allocated 308
allocated 309
allocated 310
allocated 311
allocated 312
allocated 313
allocated 314
allocated 315
allocated 316
released 316
allocated 316
released 301
allocated 301
allocated 317
released 303
allocated 303
allocated 318
released 318
allocated 318
allocated 319
allocated 320
allocated 321
released 321
allocated 321
allocated 322
allocated 323
released 323
allocated 323
allocated 324
released 324
allocated 324
released 308
allocated 308
allocated 325
allocated 326
allocated 327
allocated 328
allocated 329
allocated 330
allocated 331
allocated 332
released 332
allocated 332
released 332
released 312
allocated 312
allocated 332
released 332
allocated 332
released 332
allocated 332
allocated 333
allocated 334
allocated 335
allocated 336
released 304
allocated 304
allocated 337
allocated 338
allocated 339
allocated 340
released 303
allocated 303
released 318
allocated 318
released 318
released 307
allocated 307
allocated 318
allocated 341
released 324
allocated 324
allocated 342
released 342
allocated 342
allocated 343
released 310
released 326
allocated 310
released 328
allocated 326
allocated 328
released 328
allocated 328
allocated 344
released 344
released 312
released 314
allocated 312
allocated 314
allocated 344
allocated 345
allocated 346
released 302
allocated 302
released 316
allocated 316
allocated 347
released 301
allocated 301
released 301
released 317
released 304
allocated 301
allocated 304
allocated 317
released 339
released 303
released 320
allocated 303
released 303
allocated 303
released 323
allocated 320
released 309
allocated 309
allocated 323
released 307
released 325
allocated 307
allocated 325
allocated 339
released 329
allocated 329
released 329
allocated 329
released 329
allocated 348
allocated 329
released 326
allocated 326
allocated 349
allocated 350
allocated 351
released 350
allocated 350
allocated 352
allocated 353
released 333
allocated 333
released 334
allocated 334
allocated 354
allocated 355
released 305
allocated 305
released 346
allocated 346
allocated 356
allocated 357
released 357
allocated 357
allocated 358
released 316
allocated 316
allocated 359
released 306
allocated 306
released 322
allocated 322
allocated 360
allocated 361
released 341
allocated 341
released 309
released 311
released 327
released 323
allocated 309
released 342
released 307
allocated 307
allocated 311
allocated 323
released 325
allocated 325
released 310
released 313
allocated 310
allocated 313
released 313
released 332
allocated 313
released 315
allocated 315
allocated 327
allocated 342
released 349
allocated 349
allocated 332
allocated 362
released 352
allocated 352
released 334
allocated 334
released 335
released 334
released 336
allocated 334
allocated 335
released 335
released 340
released 304
allocated 304
released 357
allocated 335
released 319
released 316
released 358
allocated 316
released 321
allocated 319
released 308
released 324
allocated 303
released 318
released 306
released 303
allocated 306
released 341
allocated 308
released 308
released 343
released 307
allocated 307
allocated 308
released 308
released 311
allocated 308
released 330
allocated 311
allocated 318
released 331
allocated 321
released 321
allocated 324
allocated 321
released 321
allocated 321
released 328
released 312
released 327
released 362
allocated 312
released 345
released 355
released 354
released 302
released 338
released 305
released 337
allocated 302
released 347
allocated 305
released 317
allocated 317
allocated 327
allocated 328
released 301
allocated 301
allocated 330
released 330
allocated 330
allocated 331
allocated 336
released 359
released 322
allocated 322
allocated 337
allocated 338
allocated 340
allocated 341
allocated 343
released 343
allocated 343
released 318
released 311
released 329
released 348
allocated 311
released 326
allocated 318
allocated 326
released 318
released 351
released 314
allocated 314
released 314
allocated 314
released 314
released 342
released 344
allocated 314
allocated 318
released 318
allocated 318
allocated 329
allocated 342
allocated 344
allocated 345
released 302
allocated 302
released 316
allocated 316
released 330
allocated 330
released 336
allocated 336
allocated 347
released 320
allocated 320
released 361
released 303
released 319
allocated 303
allocated 319
released 338
released 322
released 307
released 339
allocated 307
released 343
allocated 322
allocated 338
released 310
allocated 310
released 310
allocated 310
allocated 339
released 313
allocated 313
released 313
allocated 313
allocated 343
released 313
allocated 313
released 313
allocated 313
released 350
released 349
released 353
released 315
allocated 315
released 333
allocated 333
released 352
released 346
allocated 346
released 356
allocated 348
allocated 349
allocated 350
released 304
allocated 304
released 335
released 317
released 316
released 360
allocated 316
released 306
released 309
allocated 306
released 306
released 323
released 325
allocated 306
allocated 309
released 307
allocated 307
allocated 317
released 321
released 326
allocated 321
released 332
released 313
allocated 313
allocated 323
allocated 325
released 312
allocated 326
allocated 332
released 326
allocated 326
allocated 312
allocated 335
allocated 351
released 334
released 305
released 349
released 327
allocated 305
released 305
released 318
allocated 305
released 348
allocated 318
released 318
allocated 318
allocated 327
released 301
released 330
allocated 301
allocated 330
allocated 334
released 334
allocated 334
released 334
allocated 348
allocated 334
allocated 349
released 337
released 303
allocated 303
allocated 337
allocated 352
allocated 353
released 320
allocated 320
released 319
allocated 319
allocated 354
released 354
released 308
allocated 308
allocated 354
released 341
allocated 341
allocated 355
allocated 356
released 338
allocated 338
released 311
released 307
released 324
allocated 307
released 307
allocated 307
released 315
allocated 311
allocated 315
allocated 324
allocated 357
released 323
allocated 323
allocated 358
allocated 359
released 346
released 329
released 304
allocated 304
released 328
allocated 328
released 326
released 344
released 305
released 302
allocated 302
released 331
allocated 305
allocated 326
released 301
released 340
allocated 301
released 320
released 303
allocated 303
released 303
released 309
allocated 303
allocated 309
released 309
allocated 309
allocated 320
allocated 329
allocated 331
allocated 340
allocated 344
released 333
released 325
released 358
released 314
released 342
allocated 314
released 351
allocated 325
released 325
allocated 325
released 345
released 332
allocated 332
released 335
allocated 333
allocated 335
released 335
released 312
allocated 312
released 312
allocated 312
released 305
released 336
allocated 305
released 347
allocated 335
allocated 336
allocated 342
released 349
released 348
allocated 345
allocated 346
allocated 347
released 341
released 322
allocated 322
released 339
allocated 339
released 339
released 310
released 303
allocated 303
allocated 310
released 310
released 338
allocated 310
allocated 338
released 343
released 307
released 321
allocated 307
released 311
released 320
allocated 311
released 313
allocated 313
released 329
released 323
allocated 320
allocated 321
released 350
allocated 323
allocated 329
allocated 339
allocated 341
allocated 343
released 304
allocated 304
allocated 348
released 304
allocated 304
released 314
released 327
released 318
released 330
released 316
released 353
released 354
released 337
allocated 314
allocated 316
released 306
released 345
released 356
allocated 306
released 306
allocated 306
released 317
allocated 317
allocated 318
released 338
allocated 327
allocated 330
allocated 337
released 324
allocated 324
released 357
allocated 338
released 315
released 344
released 309
released 340
allocated 309
released 321
released 325
allocated 315
allocated 321
allocated 325
released 328
allocated 340
released 333
released 348
allocated 328
released 341
allocated 328
released 328
allocated 333
allocated 341
allocated 344
allocated 345
allocated 348
allocated 350
released 352
released 308
allocated 308
released 319
released 334
allocated 349
released 355
allocated 319
released 346
allocated 334
released 347
allocated 346
allocated 347
allocated 351
allocated 352
released 318
allocated 318
allocated 353
allocated 354
allocated 355
allocated 356
released 313
allocated 357
released 320
allocated 313
released 359
allocated 320
allocated 358
released 358
allocated 358
released 302
allocated 302
released 302
released 325
allocated 302
released 315
allocated 315
allocated 325
released 305
released 312
released 326
released 335
released 342
released 301
allocated 301
released 348
allocated 305
allocated 312
released 351
released 303
allocated 303
allocated 326
released 310
released 307
released 330
released 331
released 338
released 309
allocated 307
released 355
allocated 309
released 357
released 356
allocated 310
released 323
allocated 323
released 323
allocated 323
released 323
allocated 323
allocated 330
released 330
allocated 320
released 320
released 332
released 329
released 339
allocated 329
released 321
allocated 321
released 333
released 340
allocated 330
allocated 331
released 302
allocated 302
allocated 332
released 315
released 325
allocated 315
allocated 325
released 325
allocated 325
released 345
released 336
allocated 333
allocated 335
allocated 338
released 335
allocated 336
allocated 335
released 350
allocated 339
allocated 340
released 316
released 322
allocated 316
allocated 322
released 319
released 327
allocated 319
released 317
released 352
allocated 317
released 337
allocated 327
released 324
released 311
released 353
released 354
allocated 311
allocated 324
allocated 337
released 310
released 343
released 304
allocated 304
released 341
allocated 310
allocated 341
allocated 342
released 329
allocated 329
released 329
allocated 329
allocated 343
allocated 345
released 302
released 315
allocated 302
released 314
allocated 314
allocated 315
allocated 348
released 348
released 305
released 340
released 322
allocated 305
released 305
released 306
allocated 305
allocated 306
released 317
allocated 317
allocated 322
allocated 340
allocated 348
allocated 350
allocated 351
released 351
released 307
released 309
allocated 307
allocated 309
allocated 351
released 358
allocated 352
allocated 353
released 320
released 344
released 328
allocated 320
released 341
released 310
allocated 310
released 332
allocated 328
released 328
allocated 328
allocated 332
allocated 341
released 308
allocated 308
allocated 344
released 308
allocated 308
allocated 354
allocated 355
released 354
released 349
allocated 349
released 349
allocated 349
released 334
released 336
released 347
released 346
allocated 334
released 339
allocated 336
released 315
allocated 315
released 319
allocated 319
released 312
allocated 312
allocated 339
allocated 346
allocated 347
allocated 354
released 318
allocated 318
allocated 356
allocated 357
released 357
allocated 357
allocated 358
released 358
released 313
allocated 313
allocated 358
allocated 359
released 359
allocated 359
released 331
allocated 331
released 331
released 321
allocated 321
released 343
allocated 331
released 310
released 332
released 338
released 302
released 344
allocated 302
allocated 310
released 301
allocated 301
released 303
allocated 303
released 303
released 319
allocated 303
released 336
allocated 319
released 315
allocated 315
allocated 332
released 332
released 326
released 327
allocated 326
released 326
released 340
allocated 326
released 326
allocated 326
allocated 327
released 324
allocated 324
allocated 332
allocated 336
released 323
allocated 323
allocated 338
released 338
released 352
released 330
released 329
allocated 329
released 342
allocated 330
allocated 338
released 338
released 345
allocated 338
allocated 340
allocated 342
released 325
allocated 325
allocated 343
allocated 344
allocated 345
allocated 352
released 333
released 335
released 314
released 316
allocated 314
allocated 316
allocated 333
allocated 335
allocated 360
released 335
allocated 335
released 346
allocated 346
released 346
released 319
allocated 319
released 322
released 350
released 311
released 337
allocated 311
released 332
allocated 322
released 304
allocated 337
released 337
allocated 337
released 351
allocated 346
released 346
allocated 304
released 353
allocated 332
released 358
allocated 346
allocated 350
released 328
allocated 328
released 355
allocated 351
allocated 355
released 334
released 355
allocated 334
released 305
allocated 308
allocated 305
released 302
allocated 353
released 335
released 308
allocated 302
released 301
released 308
allocated 301
allocated 308
released 347
released 303
released 306
allocated 303
allocated 306
released 303
released 348
allocated 303
released 317
released 326
released 324
allocated 317
released 311
released 307
released 309
allocated 307
released 359
allocated 309
allocated 311
allocated 324
allocated 326
released 320
allocated 320
released 321
released 340
allocated 321
released 331
allocated 331
released 331
allocated 331
released 352
released 341
released 339
released 316
allocated 316
allocated 335
released 349
released 312
allocated 312
allocated 339
released 339
allocated 339
released 310
released 354
allocated 310
allocated 340
released 310
released 305
allocated 305
released 308
allocated 308
released 319
released 318
released 356
allocated 310
allocated 318
released 327
released 357
allocated 319
released 317
allocated 317
allocated 327
released 327
released 313
allocated 313
allocated 327
released 329
released 323
released 311
allocated 311
released 338
released 342
released 343
released 344
allocated 323
allocated 329
released 345
allocated 338
released 338
allocated 338
allocated 341
released 341
released 333
released 339
allocated 333
released 315
released 333
allocated 315
allocated 333
allocated 339
allocated 341
released 351
allocated 342
released 305
allocated 305
allocated 343
allocated 344
allocated 345
allocated 347
allocated 348
allocated 349
released 319
released 317
released 336
allocated 319
allocated 317
released 319
allocated 319
released 319
allocated 319
released 330
allocated 330
released 327
released 320
released 332
allocated 320
allocated 327
released 325
allocated 325
allocated 332
released 323
allocated 323
released 323
allocated 323
released 338
released 314
released 353
allocated 314
allocated 336
released 360
released 302
released 316
allocated 302
released 301
released 334
allocated 301
released 333
allocated 316
allocated 333
allocated 334
allocated 338
released 308
released 315
allocated 308
allocated 315
allocated 351
allocated 352
released 352
allocated 352
allocated 353
released 352
allocated 352
released 352
allocated 352
allocated 354
released 354
released 347
allocated 347
released 322
allocated 322
allocated 354
released 309
allocated 309
released 304
allocated 304
released 319
released 330
allocated 319
released 350
released 346
allocated 337
allocated 355
allocated 330
released 337
released 355
allocated 346
released 331
allocated 331
released 331
allocated 331
allocated 350
released 325
released 332
allocated 325
allocated 332
released 332
allocated 332
released 328
allocated 328
allocated 355
allocated 356
allocated 357
allocated 359
allocated 360
released 341
allocated 341
allocated 361
released 357
allocated 358
released 335
released 340
allocated 335
released 316
released 301
released 339
released 306
released 342
released 303
allocated 301
released 305
allocated 303
released 343
allocated 305
released 305
released 307
released 313
allocated 305
allocated 306
released 306
released 317
released 326
allocated 306
released 324
released 321
released 311
released 337
allocated 307
released 307
released 346
released 330
released 350
allocated 307
allocated 311
allocated 313
allocated 316
released 316
released 312
allocated 312
allocated 316
allocated 317
released 328
released 361
allocated 321
released 338
allocated 324
allocated 326
released 351
released 308
allocated 308
allocated 328
allocated 330
released 330
released 310
released 318
released 303
released 344
released 301
allocated 301
allocated 303
allocated 310
released 310
allocated 310
allocated 318
allocated 330
allocated 337
released 320
released 337
released 327
released 330
allocated 320
allocated 327
released 327
allocated 327
allocated 330
allocated 337
released 329
allocated 329
released 329
released 307
released 332
released 355
allocated 307
allocated 329
released 341
released 314
allocated 314
allocated 332
allocated 339
allocated 338
allocated 340
released 340
released 358
allocated 340
released 321
released 345
allocated 321
released 315
released 326
released 353
allocated 315
released 315
allocated 315
allocated 326
allocated 341
released 341
released 348
released 349
allocated 341
allocated 342
allocated 343
allocated 344
released 344
released 304
released 309
allocated 304
allocated 309
released 319
released 331
allocated 319
allocated 331
allocated 344
allocated 345
released 325
released 323
allocated 323
released 336
allocated 325
released 359
released 302
allocated 302
allocated 336
released 333
allocated 333
released 334
released 317
allocated 317
released 335
released 312
released 314
released 338
released 308
allocated 308
allocated 312
released 340
released 328
allocated 314
released 314
allocated 314
released 314
allocated 314
allocated 328
allocated 334
released 321
released 315
allocated 315
released 352
released 347
released 322
allocated 321
released 354
allocated 322
released 322
allocated 322
allocated 338
released 322
allocated 335
allocated 340
released 327
allocated 322
released 319
allocated 319
released 325
allocated 327
allocated 346
allocated 347
allocated 348
released 348
released 316
released 324
allocated 316
allocated 325
allocated 324
released 333
allocated 333
released 360
released 356
allocated 348
allocated 349
allocated 350
allocated 351
allocated 352
released 328
allocated 328
allocated 353
released 312
allocated 312
allocated 354
allocated 355
released 303
released 342
released 305
released 306
allocated 305
allocated 303
allocated 306
allocated 330
released 330
released 306
released 321
released 320
allocated 306
released 304
released 338
allocated 304
allocated 320
allocated 321
released 337
allocated 337
allocated 338
released 345
allocated 342
allocated 345
released 311
allocated 311
allocated 356
released 356
released 313
allocated 313
allocated 356
released 307
allocated 307
allocated 357
allocated 358
allocated 359
allocated 360
released 339
allocated 339
allocated 361
allocated 362
released 362
allocated 362
released 347
allocated 347
released 350
allocated 350
allocated 363
released 363
released 349
allocated 349
allocated 363
released 352
allocated 352
released 352
released 312
released 301
allocated 301
allocated 312
allocated 352
released 310
released 318
allocated 310
released 343
allocated 318
allocated 343
released 343
allocated 343
allocated 364
allocated 365
released 365
allocated 366
released 303
released 309
released 340
allocated 303
released 330
released 304
released 322
allocated 304
released 311
released 302
released 317
released 329
released 336
released 332
released 333
allocated 302
released 302
allocated 302
released 307
released 356
allocated 307
released 348
allocated 309
released 309
released 327
allocated 309
allocated 311
released 334
allocated 317
released 349
released 354
allocated 322
released 322
allocated 322
released 322
released 328
allocated 322
released 322
released 326
released 315
allocated 315
released 341
released 355
allocated 322
allocated 326
released 344
released 318
allocated 318
released 320
allocated 320
released 306
released 331
allocated 306
released 321
released 303
allocated 303
allocated 321
released 342
released 345
released 323
released 304
allocated 304
released 357
released 314
released 325
released 361
released 308
allocated 308
released 358
released 324
allocated 314
released 362
allocated 323
released 351
released 353
released 317
allocated 317
allocated 324
released 315
released 312
released 301
released 310
released 335
allocated 301
allocated 310
released 322
allocated 312
allocated 315
allocated 322
released 322
released 303
released 318
allocated 303
released 319
allocated 318
released 318
released 304
allocated 304
released 346
allocated 318
released 318
allocated 318
allocated 319
allocated 322
released 360
allocated 325
released 325
released 316
released 347
allocated 316
released 323
allocated 325
allocated 323
released 323
allocated 327
allocated 323
released 311
released 350
allocated 311
allocated 328
allocated 329
allocated 330
released 324
allocated 324
allocated 331
released 331
released 352
allocated 331
released 331
released 305
released 343
allocated 305
allocated 331
released 338
allocated 332
released 337
released 320
released 364
allocated 320
allocated 333
allocated 334
allocated 335
released 306
allocated 306
allocated 336
allocated 337
allocated 338
released 313
released 339
allocated 313
released 359
allocated 339
allocated 340
allocated 341
released 341
released 319
allocated 319
released 319
allocated 319
released 319
released 309
allocated 309
released 325
allocated 319
allocated 325
allocated 341
released 363
allocated 342
allocated 343
released 343
released 330
allocated 330
allocated 343
released 343
allocated 343
allocated 344
released 344
allocated 344
allocated 345
allocated 347
released 366
allocated 348
released 301
allocated 301
allocated 349
released 320
allocated 320
released 315
released 332
allocated 346
allocated 315
allocated 332
released 321
allocated 321
released 338
allocated 338
allocated 350
released 350
allocated 350
released 350
released 302
allocated 302
allocated 350
released 307
allocated 307
allocated 351
allocated 352
released 318
allocated 318
released 352
allocated 352
released 352
allocated 352
allocated 353
allocated 354
released 314
allocated 314
allocated 355
released 355
released 311
allocated 311
allocated 355
released 341
allocated 341
allocated 356
released 326
allocated 326
released 305
allocated 305
released 333
released 312
allocated 312
released 335
released 348
released 320
allocated 320
released 320
released 315
allocated 315
released 304
released 322
allocated 304
allocated 320
released 308
released 339
allocated 308
allocated 322
released 322
allocated 322
allocated 333
released 322
released 307
allocated 307
released 352
released 354
released 342
allocated 322
allocated 335
released 317
released 335
allocated 317
released 329
allocated 329
released 330
released 324
released 356
released 344
released 310
allocated 310
released 310
released 347
released 306
released 346
released 303
released 337
allocated 303
released 303
released 326
allocated 303
allocated 306
allocated 310
allocated 324
released 338
released 313
allocated 313
allocated 326
released 340
allocated 330
allocated 335
released 316
released 327
allocated 316
released 316
released 318
allocated 316
allocated 318
released 325
released 320
released 323
released 308
released 333
allocated 308
released 307
released 328
allocated 307
allocated 320
allocated 323
released 311
allocated 311
allocated 325
allocated 327
released 343
allocated 328
allocated 333
allocated 337
released 331
released 334
allocated 331
released 331
released 349
released 336
allocated 331
allocated 334
released 345
allocated 336
released 324
allocated 324
released 332
released 321
released 310
released 315
allocated 310
allocated 315
released 350
allocated 321
allocated 332
released 316
released 304
allocated 304
released 351
released 319
released 314
released 309
released 353
allocated 309
released 355
released 329
allocated 314
released 314
allocated 314
released 301
released 312
allocated 301
released 336
released 305
released 331
allocated 305
released 305
allocated 305
allocated 312
allocated 316
allocated 319
released 302
allocated 302
released 335
released 322
released 332
allocated 322
allocated 329
allocated 331
allocated 332
released 327
allocated 327
released 341
released 333
allocated 333
allocated 335
allocated 338
released 324
allocated 324
allocated 339
allocated 340
released 340
allocated 336
allocated 340
allocated 341
allocated 342
allocated 343
allocated 326
released 326
allocated 344
released 318
allocated 318
allocated 346
released 302
allocated 345
released 345
allocated 302
released 304
released 317
released 307
allocated 304
released 325
allocated 307
released 331
released 327
released 314
allocated 314
released 314
allocated 314
released 314
released 303
released 334
released 306
released 301
released 338
released 336
released 340
released 310
released 313
released 330
released 319
allocated 301
released 311
released 321
released 315
allocated 303
released 323
allocated 306
released 306
allocated 310
released 308
released 320
released 329
released 304
released 307
released 328
allocated 304
released 337
allocated 306
allocated 307
allocated 308
released 333
allocated 311
allocated 313
released 341
released 342
allocated 314
released 314
allocated 315
allocated 314
allocated 317
released 318
allocated 315
released 309
released 326
released 315
allocated 309
released 332
allocated 318
released 318
allocated 318
allocated 319
released 305
released 312
allocated 305
released 305
released 339
allocated 305
released 324
released 316
released 313
allocated 312
allocated 313
allocated 316
released 302
released 343
released 344
released 322
allocated 302
released 314
allocated 314
released 304
allocated 304
released 304
allocated 320
released 335
released 319
released 305
released 312
allocated 304
released 346
allocated 305
released 301
allocated 301
allocated 312
released 312
released 315
allocated 312
released 312
released 309
allocated 309
allocated 312
released 318
released 306
released 307
released 308
allocated 306
released 306
allocated 306
allocated 307
released 307
released 313
released 303
allocated 308
released 305
released 310
released 317
allocated 303
released 302
released 309
released 311
released 320
allocated 302
allocated 305
released 316
allocated 307
released 314
allocated 309
released 301
released 303
allocated 301
allocated 303
allocated 310
released 304
allocated 304
released 304
released 308
allocated 304
allocated 308
released 309
allocated 309
released 312
allocated 311
released 303
allocated 303
allocated 312
allocated 313
released 307
released 301
released 311
released 306
released 313
released 302
released 305
allocated 301
released 309
released 303
allocated 302
released 310
released 312
released 304
released 308
released 301
allocated 301
allocated 303
allocated 304
released 302
allocated 302
released 304
allocated 304
released 303
allocated 303
released 301
released 302
allocated 301
released 301
released 304
released 303
allocated 301
released 301
